<?xml version="1.0" encoding="UTF-8"?>
<!-- Generated by org.testng.reporters.JUnitXMLReporter -->
<testsuite hostname="DESKTOP-GOAQVTN" ignored="0" name="Command line test" tests="4" failures="0" timestamp="2020-06-23T06:22:16 CAT" time="5.543" errors="0">
  <testcase name="dogBreeds" time="3.138" classname="DogBreedTestCases.DogBreedTest"/>
  <testcase name="subBreeds" time="0.629" classname="DogBreedTestCases.DogBreedTest"/>
  <testcase name="verifyBreed" time="1.133" classname="DogBreedTestCases.DogBreedTest"/>
  <testcase name="subBreedsImages" time="0.614" classname="DogBreedTestCases.DogBreedTest"/>
</testsuite> <!-- Command line test -->
